23/04/2019 15:34:22 - New match 11348965 has started
23/04/2019 15:36:04 - Roman killed Nick using M16
23/04/2019 15:36:33 - <WORLD> killed Nick by DROWN
23/04/2019 15:39:22 - Match 11348965 has ended

23/04/2021 16:14:22 - New match 11348966 has started
23/04/2021 16:26:04 - Roman killed Marcus using M16
23/04/2021 16:36:33 - <WORLD> killed Marcus by DROWN
23/04/2021 16:49:22 - Match 11348966 has ended

24/04/2020 16:14:22 - New match 11348961 has started
24/04/2020 16:26:12 - Roman killed Marcus using M16
24/04/2020 16:35:56 - Marcus killed Jhon using AK47
24/04/2020 17:12:34 - Roman killed Bryian using M16
24/04/2020 18:26:14 - Bryan killed Marcus using AK47
24/04/2020 19:36:33 - <WORLD> killed Marcus by DROWN
24/04/2020 20:19:22 - Match 11348961 has ended

25/04/2025 16:14:22 - New match 11348965 has started
25/04/2025 16:20:00 - Roman killed Marcus using M16
25/04/2025 16:20:05 - Roman killed Marcus using M16
25/04/2025 16:20:20 - Roman killed Marcus using M16
25/04/2025 16:20:45 - Roman killed Marcus using M16
25/04/2025 16:20:59 - Roman killed Marcus using M16
25/04/2025 16:21:05 - Roman killed Marcus using M16
25/04/2025 16:25:10 - Jhon killed Roman using P90
25/04/2025 16:27:30 - Marcus killed Jhon using AK47
25/04/2025 16:30:33 - <WORLD> killed Jhon by LAVA
25/04/2025 16:35:50 - <WORLD> killed Marcus by DROWN
25/04/2025 16:49:22 - Match 11348965 has ended

25/04/2025 16:14:22 - New match 11348966 has started
25/04/2025 16:20:00 - Roman killed Marcus using M16
25/04/2025 16:21:00 - Marcus killed Jhon using AK47
25/04/2025 16:22:00 - Roman killed Jhon using M16
25/04/2025 16:23:00 - Marcus killed Roman using P90
25/04/2025 16:24:00 - Jhon killed Marcus using AK47
25/04/2025 16:25:00 - Jhon killed Roman using P90
25/04/2025 16:36:33 - <WORLD> killed Marcus by DROWN
25/04/2025 16:49:22 - Match 11348966 has ended

25/04/2025 16:14:22 - New match 11348967 has started
25/04/2025 16:20:00 - Roman killed Marcus using M16
25/04/2025 16:20:05 - <WORLD> killed Marcus by DROWN
25/04/2025 16:20:10 - Marcus killed Roman using P90
25/04/2025 16:20:15 - <WORLD> killed Roman by DROWN
25/04/2025 16:20:20 - Marcus killed Roman using P90
25/04/2025 16:20:25 - Marcus killed Roman using P90
25/04/2025 16:20:30 - Marcus killed Roman using P90
25/04/2025 16:49:22 - Match 11348967 has ended

25/04/2025 16:14:22 - New match 11348968 has started
25/04/2025 16:20:00 - Roman killed Marcus using M16
25/04/2025 16:21:00 - Marcus killed Roman using P90
25/04/2025 16:22:00 - Jhon killed Marcus using AK47
25/04/2025 16:23:00 - Jhon killed Marcus using AK47
25/04/2025 16:24:00 - Jhon killed Marcus using AK47
25/04/2025 16:25:00 - Jhon killed Marcus using AK47
25/04/2025 16:26:00 - Jhon killed Marcus using AK47
25/04/2025 16:27:00 - Jhon killed Marcus using AK47
25/04/2025 16:49:22 - Match 11348968 has ended